#
# There is insufficient memory for the Java Runtime Environment to continue.
# Native memory allocation (mmap) failed to map 65536 bytes for Failed to commit metaspace.
# Possible reasons:
#   The system is out of physical RAM or swap space
#   The process is running with CompressedOops enabled, and the Java Heap may be blocking the growth of the native heap
# Possible solutions:
#   Reduce memory load on the system
#   Increase physical memory or swap space
#   Check if swap backing store is full
#   Decrease Java heap size (-Xmx/-Xms)
#   Decrease number of Java threads
#   Decrease Java thread stack sizes (-Xss)
#   Set larger code cache with -XX:ReservedCodeCacheSize=
#   JVM is running with Zero Based Compressed Oops mode in which the Java heap is
#     placed in the first 32GB address space. The Java Heap base address is the
#     maximum limit for the native heap growth. Please use -XX:HeapBaseMinAddress
#     to set the Java Heap base and to place the Java Heap above 32GB virtual address.
# This output file may be truncated or incomplete.
#
#  Out of Memory Error (virtualSpaceNode.cpp:110), pid=21636, tid=8008
#
# JRE version: Java(TM) SE Runtime Environment (19.0.2+7) (build 19.0.2+7-44)
# Java VM: Java HotSpot(TM) 64-Bit Server VM (19.0.2+7-44, mixed mode, sharing, tiered, compressed oops, compressed class ptrs, g1 gc, windows-amd64)
# No core dump will be written. Minidumps are not enabled by default on client versions of Windows
#

---------------  S U M M A R Y ------------

Command Line: -Dfile.encoding=UTF-8 --module-path=C:\Users\kiit\OneDrive\Documents\NetBeansProjects\Employee Managemment System\build\classes employee.managemment.system.AddEmployee

Host: 11th Gen Intel(R) Core(TM) i7-1165G7 @ 2.80GHz, 8 cores, 15G,  Windows 11 , 64 bit Build 22621 (10.0.22621.1928)
Time: Sat Aug  5 14:21:17 2023 India Standard Time elapsed time: 0.304465 seconds (0d 0h 0m 0s)

---------------  T H R E A D  ---------------

Current thread (0x000002396cd984d0):  JavaThread "main" [_thread_in_vm, id=8008, stack(0x0000005dce500000,0x0000005dce600000)]

Stack: [0x0000005dce500000,0x0000005dce600000]
Native frames: (J=compiled Java code, j=interpreted, Vv=VM code, C=native code)
V  [jvm.dll+0x6ee21a]
V  [jvm.dll+0x85765e]
V  [jvm.dll+0x85904e]
V  [jvm.dll+0x859703]
V  [jvm.dll+0x28298f]
V  [jvm.dll+0x8532db]
V  [jvm.dll+0x692cb6]
V  [jvm.dll+0x692d1a]
V  [jvm.dll+0x695613]
V  [jvm.dll+0x6954de]
V  [jvm.dll+0x6936de]
V  [jvm.dll+0x2801cc]
V  [jvm.dll+0x7432cd]
V  [jvm.dll+0x743ccf]
V  [jvm.dll+0x3c999e]
V  [jvm.dll+0x3c8b14]
V  [jvm.dll+0x3c8ab8]
V  [jvm.dll+0x3da29a]
C  0x000002390755dc27

Java frames: (J=compiled Java code, j=interpreted, Vv=VM code)
j  sun.awt.SunToolkit.initEQ(Lsun/awt/AppContext;)V+0 java.desktop@19.0.2
j  sun.awt.SunToolkit.createNewAppContext(Ljava/lang/ThreadGroup;)Lsun/awt/AppContext;+10 java.desktop@19.0.2
j  sun.awt.AppContext$2.run()Ljava/lang/Void;+27 java.desktop@19.0.2
j  sun.awt.AppContext$2.run()Ljava/lang/Object;+1 java.desktop@19.0.2
j  java.security.AccessController.executePrivileged(Ljava/security/PrivilegedAction;Ljava/security/AccessControlContext;Ljava/lang/Class;)Ljava/lang/Object;+29 java.base@19.0.2
j  java.security.AccessController.doPrivileged(Ljava/security/PrivilegedAction;)Ljava/lang/Object;+5 java.base@19.0.2
j  sun.awt.AppContext.initMainAppContext()V+7 java.desktop@19.0.2
j  sun.awt.AppContext$3.run()Lsun/awt/AppContext;+40 java.desktop@19.0.2
j  sun.awt.AppContext$3.run()Ljava/lang/Object;+1 java.desktop@19.0.2
j  java.security.AccessController.executePrivileged(Ljava/security/PrivilegedAction;Ljava/security/AccessControlContext;Ljava/lang/Class;)Ljava/lang/Object;+29 java.base@19.0.2
j  java.security.AccessController.doPrivileged(Ljava/security/PrivilegedAction;)Ljava/lang/Object;+5 java.base@19.0.2
j  sun.awt.AppContext.getAppContext()Lsun/awt/AppContext;+42 java.desktop@19.0.2
j  java.awt.Component.<init>()V+130 java.desktop@19.0.2
j  java.awt.Container.<init>()V+1 java.desktop@19.0.2
j  java.awt.Window.<init>()V+1 java.desktop@19.0.2
j  java.awt.Frame.<init>(Ljava/lang/String;)V+1 java.desktop@19.0.2
j  java.awt.Frame.<init>()V+3 java.desktop@19.0.2
j  javax.swing.JFrame.<init>()V+1 java.desktop@19.0.2
j  employee.managemment.system.AddEmployee.<init>()V+1
j  employee.managemment.system.AddEmployee.main([Ljava/lang/String;)V+4
v  ~StubRoutines::call_stub 0x00000239075310e8

---------------  P R O C E S S  ---------------

Threads class SMR info:
_java_thread_list=0x000002397f0fa1e0, length=12, elements={
0x000002396cd984d0, 0x000002397ec8bc60, 0x000002397ec8c880, 0x000002397ec918d0,
0x000002397ec94760, 0x000002397ec95180, 0x000002397ec95ba0, 0x000002397efc8090,
0x000002397efc93a0, 0x000002397ec9e8d0, 0x000002397f0854b0, 0x000002397f14c240
}

Java Threads: ( => current thread )
=>0x000002396cd984d0 JavaThread "main" [_thread_in_vm, id=8008, stack(0x0000005dce500000,0x0000005dce600000)]
  0x000002397ec8bc60 JavaThread "Reference Handler" daemon [_thread_blocked, id=27000, stack(0x0000005dcec00000,0x0000005dced00000)]
  0x000002397ec8c880 JavaThread "Finalizer" daemon [_thread_blocked, id=32196, stack(0x0000005dced00000,0x0000005dcee00000)]
  0x000002397ec918d0 JavaThread "Signal Dispatcher" daemon [_thread_blocked, id=28392, stack(0x0000005dcee00000,0x0000005dcef00000)]
  0x000002397ec94760 JavaThread "Attach Listener" daemon [_thread_blocked, id=22624, stack(0x0000005dcef00000,0x0000005dcf000000)]
  0x000002397ec95180 JavaThread "Service Thread" daemon [_thread_blocked, id=22744, stack(0x0000005dcf000000,0x0000005dcf100000)]
  0x000002397ec95ba0 JavaThread "Monitor Deflation Thread" daemon [_thread_blocked, id=34496, stack(0x0000005dcf100000,0x0000005dcf200000)]
  0x000002397efc8090 JavaThread "C2 CompilerThread0" daemon [_thread_blocked, id=32120, stack(0x0000005dcf200000,0x0000005dcf300000)]
  0x000002397efc93a0 JavaThread "C1 CompilerThread0" daemon [_thread_blocked, id=13208, stack(0x0000005dcf300000,0x0000005dcf400000)]
  0x000002397ec9e8d0 JavaThread "Sweeper thread" daemon [_thread_blocked, id=27884, stack(0x0000005dcf400000,0x0000005dcf500000)]
  0x000002397f0854b0 JavaThread "Common-Cleaner" daemon [_thread_blocked, id=21532, stack(0x0000005dcf500000,0x0000005dcf600000)]
  0x000002397f14c240 JavaThread "Notification Thread" daemon [_thread_blocked, id=22208, stack(0x0000005dcf600000,0x0000005dcf700000)]

Other Threads:
  0x000002397ec71c90 VMThread "VM Thread" [stack: 0x0000005dceb00000,0x0000005dcec00000] [id=33968]
  0x000002397f156b80 WatcherThread "VM Periodic Task Thread" [stack: 0x0000005dcf700000,0x0000005dcf800000] [id=27624]
  0x000002396ce07d90 WorkerThread "GC Thread#0" [stack: 0x0000005dce600000,0x0000005dce700000] [id=10548]
  0x000002396ce185f0 ConcurrentGCThread "G1 Main Marker" [stack: 0x0000005dce700000,0x0000005dce800000] [id=25972]
  0x000002396ce1a030 WorkerThread "G1 Conc#0" [stack: 0x0000005dce800000,0x0000005dce900000] [id=23300]
  0x000002396ce5d820 ConcurrentGCThread "G1 Refine#0" [stack: 0x0000005dce900000,0x0000005dcea00000] [id=11556]
  0x000002396ce5e200 ConcurrentGCThread "G1 Service" [stack: 0x0000005dcea00000,0x0000005dceb00000] [id=25568]

Threads with active compile tasks:

VM state: not at safepoint (normal execution)

VM Mutex/Monitor currently owned by a thread:  ([mutex/lock_event])
[0x000002396cd92710] Metaspace_lock - owner thread: 0x000002396cd984d0

Heap address: 0x0000000707000000, size: 3984 MB, Compressed Oops mode: Zero based, Oop shift amount: 3

CDS archive(s) mapped at: [0x0000000800000000-0x0000000800c40000-0x0000000800c40000), size 12845056, SharedBaseAddress: 0x0000000800000000, ArchiveRelocationMode: 0.
Compressed class space mapped at: 0x0000000801000000-0x0000000841000000, reserved size: 1073741824
Narrow klass base: 0x0000000800000000, Narrow klass shift: 0, Narrow klass range: 0x100000000

GC Precious Log:
 CardTable entry size: 512
 Card Set container configuration: InlinePtr #cards 4 size 8 Array Of Cards #cards 16 size 48 Howl #buckets 8 coarsen threshold 3686 Howl Bitmap #cards 512 size 80 coarsen threshold 460 Card regions per heap region 1 cards per card region 4096
 CPUs: 8 total, 8 available
 Memory: 15931M
 Large Page Support: Disabled
 NUMA Support: Disabled
 Compressed Oops: Enabled (Zero based)
 Heap Region Size: 2M
 Heap Min Capacity: 8M
 Heap Initial Capacity: 250M
 Heap Max Capacity: 3984M
 Pre-touch: Disabled
 Parallel Workers: 8
 Concurrent Workers: 2
 Concurrent Refinement Workers: 8
 Periodic GC: Disabled

Heap:
 garbage-first heap   total 256000K, used 2048K [0x0000000707000000, 0x0000000800000000)
  region size 2048K, 2 young (4096K), 0 survivors (0K)
 Metaspace       used 1567K, committed 1664K, reserved 1114112K
  class space    used 124K, committed 192K, reserved 1048576K

Heap Regions: E=young(eden), S=young(survivor), O=old, HS=humongous(starts), HC=humongous(continues), CS=collection set, F=free, OA=open archive, CA=closed archive, TAMS=top-at-mark-start (previous, next)
|   0|0x0000000707000000, 0x0000000707000000, 0x0000000707200000|  0%| F|  |TAMS 0x0000000707000000, 0x0000000707000000| Untracked 
|   1|0x0000000707200000, 0x0000000707200000, 0x0000000707400000|  0%| F|  |TAMS 0x0000000707200000, 0x0000000707200000| Untracked 
|   2|0x0000000707400000, 0x0000000707400000, 0x0000000707600000|  0%| F|  |TAMS 0x0000000707400000, 0x0000000707400000| Untracked 
|   3|0x0000000707600000, 0x0000000707600000, 0x0000000707800000|  0%| F|  |TAMS 0x0000000707600000, 0x0000000707600000| Untracked 
|   4|0x0000000707800000, 0x0000000707800000, 0x0000000707a00000|  0%| F|  |TAMS 0x0000000707800000, 0x0000000707800000| Untracked 
|   5|0x0000000707a00000, 0x0000000707a00000, 0x0000000707c00000|  0%| F|  |TAMS 0x0000000707a00000, 0x0000000707a00000| Untracked 
|   6|0x0000000707c00000, 0x0000000707c00000, 0x0000000707e00000|  0%| F|  |TAMS 0x0000000707c00000, 0x0000000707c00000| Untracked 
|   7|0x0000000707e00000, 0x0000000707e00000, 0x0000000708000000|  0%| F|  |TAMS 0x0000000707e00000, 0x0000000707e00000| Untracked 
|   8|0x0000000708000000, 0x0000000708000000, 0x0000000708200000|  0%| F|  |TAMS 0x0000000708000000, 0x0000000708000000| Untracked 
|   9|0x0000000708200000, 0x0000000708200000, 0x0000000708400000|  0%| F|  |TAMS 0x0000000708200000, 0x0000000708200000| Untracked 
|  10|0x0000000708400000, 0x0000000708400000, 0x0000000708600000|  0%| F|  |TAMS 0x0000000708400000, 0x0000000708400000| Untracked 
|  11|0x0000000708600000, 0x0000000708600000, 0x0000000708800000|  0%| F|  |TAMS 0x0000000708600000, 0x0000000708600000| Untracked 
|  12|0x0000000708800000, 0x0000000708800000, 0x0000000708a00000|  0%| F|  |TAMS 0x0000000708800000, 0x0000000708800000| Untracked 
|  13|0x0000000708a00000, 0x0000000708a00000, 0x0000000708c00000|  0%| F|  |TAMS 0x0000000708a00000, 0x0000000708a00000| Untracked 
|  14|0x0000000708c00000, 0x0000000708c00000, 0x0000000708e00000|  0%| F|  |TAMS 0x0000000708c00000, 0x0000000708c00000| Untracked 
|  15|0x0000000708e00000, 0x0000000708e00000, 0x0000000709000000|  0%| F|  |TAMS 0x0000000708e00000, 0x0000000708e00000| Untracked 
|  16|0x0000000709000000, 0x0000000709000000, 0x0000000709200000|  0%| F|  |TAMS 0x0000000709000000, 0x0000000709000000| Untracked 
|  17|0x0000000709200000, 0x0000000709200000, 0x0000000709400000|  0%| F|  |TAMS 0x0000000709200000, 0x0000000709200000| Untracked 
|  18|0x0000000709400000, 0x0000000709400000, 0x0000000709600000|  0%| F|  |TAMS 0x0000000709400000, 0x0000000709400000| Untracked 
|  19|0x0000000709600000, 0x0000000709600000, 0x0000000709800000|  0%| F|  |TAMS 0x0000000709600000, 0x0000000709600000| Untracked 
|  20|0x0000000709800000, 0x0000000709800000, 0x0000000709a00000|  0%| F|  |TAMS 0x0000000709800000, 0x0000000709800000| Untracked 
|  21|0x0000000709a00000, 0x0000000709a00000, 0x0000000709c00000|  0%| F|  |TAMS 0x0000000709a00000, 0x0000000709a00000| Untracked 
|  22|0x0000000709c00000, 0x0000000709c00000, 0x0000000709e00000|  0%| F|  |TAMS 0x0000000709c00000, 0x0000000709c00000| Untracked 
|  23|0x0000000709e00000, 0x0000000709e00000, 0x000000070a000000|  0%| F|  |TAMS 0x0000000709e00000, 0x0000000709e00000| Untracked 
|  24|0x000000070a000000, 0x000000070a000000, 0x000000070a200000|  0%| F|  |TAMS 0x000000070a000000, 0x000000070a000000| Untracked 
|  25|0x000000070a200000, 0x000000070a200000, 0x000000070a400000|  0%| F|  |TAMS 0x000000070a200000, 0x000000070a200000| Untracked 
|  26|0x000000070a400000, 0x000000070a400000, 0x000000070a600000|  0%| F|  |TAMS 0x000000070a400000, 0x000000070a400000| Untracked 
|  27|0x000000070a600000, 0x000000070a600000, 0x000000070a800000|  0%| F|  |TAMS 0x000000070a600000, 0x000000070a600000| Untracked 
|  28|0x000000070a800000, 0x000000070a800000, 0x000000070aa00000|  0%| F|  |TAMS 0x000000070a800000, 0x000000070a800000| Untracked 
|  29|0x000000070aa00000, 0x000000070aa00000, 0x000000070ac00000|  0%| F|  |TAMS 0x000000070aa00000, 0x000000070aa00000| Untracked 
|  30|0x000000070ac00000, 0x000000070ac00000, 0x000000070ae00000|  0%| F|  |TAMS 0x000000070ac00000, 0x000000070ac00000| Untracked 
|  31|0x000000070ae00000, 0x000000070ae00000, 0x000000070b000000|  0%| F|  |TAMS 0x000000070ae00000, 0x000000070ae00000| Untracked 
|  32|0x000000070b000000, 0x000000070b000000, 0x000000070b200000|  0%| F|  |TAMS 0x000000070b000000, 0x000000070b000000| Untracked 
|  33|0x000000070b200000, 0x000000070b200000, 0x000000070b400000|  0%| F|  |TAMS 0x000000070b200000, 0x000000070b200000| Untracked 
|  34|0x000000070b400000, 0x000000070b400000, 0x000000070b600000|  0%| F|  |TAMS 0x000000070b400000, 0x000000070b400000| Untracked 
|  35|0x000000070b600000, 0x000000070b600000, 0x000000070b800000|  0%| F|  |TAMS 0x000000070b600000, 0x000000070b600000| Untracked 
|  36|0x000000070b800000, 0x000000070b800000, 0x000000070ba00000|  0%| F|  |TAMS 0x000000070b800000, 0x000000070b800000| Untracked 
|  37|0x000000070ba00000, 0x000000070ba00000, 0x000000070bc00000|  0%| F|  |TAMS 0x000000070ba00000, 0x000000070ba00000| Untracked 
|  38|0x000000070bc00000, 0x000000070bc00000, 0x000000070be00000|  0%| F|  |TAMS 0x000000070bc00000, 0x000000070bc00000| Untracked 
|  39|0x000000070be00000, 0x000000070be00000, 0x000000070c000000|  0%| F|  |TAMS 0x000000070be00000, 0x000000070be00000| Untracked 
|  40|0x000000070c000000, 0x000000070c000000, 0x000000070c200000|  0%| F|  |TAMS 0x000000070c000000, 0x000000070c000000| Untracked 
|  41|0x000000070c200000, 0x000000070c200000, 0x000000070c400000|  0%| F|  |TAMS 0x000000070c200000, 0x000000070c200000| Untracked 
|  42|0x000000070c400000, 0x000000070c400000, 0x000000070c600000|  0%| F|  |TAMS 0x000000070c400000, 0x000000070c400000| Untracked 
|  43|0x000000070c600000, 0x000000070c600000, 0x000000070c800000|  0%| F|  |TAMS 0x000000070c600000, 0x000000070c600000| Untracked 
|  44|0x000000070c800000, 0x000000070c800000, 0x000000070ca00000|  0%| F|  |TAMS 0x000000070c800000, 0x000000070c800000| Untracked 
|  45|0x000000070ca00000, 0x000000070ca00000, 0x000000070cc00000|  0%| F|  |TAMS 0x000000070ca00000, 0x000000070ca00000| Untracked 
|  46|0x000000070cc00000, 0x000000070cc00000, 0x000000070ce00000|  0%| F|  |TAMS 0x000000070cc00000, 0x000000070cc00000| Untracked 
|  47|0x000000070ce00000, 0x000000070ce00000, 0x000000070d000000|  0%| F|  |TAMS 0x000000070ce00000, 0x000000070ce00000| Untracked 
|  48|0x000000070d000000, 0x000000070d000000, 0x000000070d200000|  0%| F|  |TAMS 0x000000070d000000, 0x000000070d000000| Untracked 
|  49|0x000000070d200000, 0x000000070d200000, 0x000000070d400000|  0%| F|  |TAMS 0x000000070d200000, 0x000000070d200000| Untracked 
|  50|0x000000070d400000, 0x000000070d400000, 0x000000070d600000|  0%| F|  |TAMS 0x000000070d400000, 0x000000070d400000| Untracked 
|  51|0x000000070d600000, 0x000000070d600000, 0x000000070d800000|  0%| F|  |TAMS 0x000000070d600000, 0x000000070d600000| Untracked 
|  52|0x000000070d800000, 0x000000070d800000, 0x000000070da00000|  0%| F|  |TAMS 0x000000070d800000, 0x000000070d800000| Untracked 
|  53|0x000000070da00000, 0x000000070da00000, 0x000000070dc00000|  0%| F|  |TAMS 0x000000070da00000, 0x000000070da00000| Untracked 
|  54|0x000000070dc00000, 0x000000070dc00000, 0x000000070de00000|  0%| F|  |TAMS 0x000000070dc00000, 0x000000070dc00000| Untracked 
|  55|0x000000070de00000, 0x000000070de00000, 0x000000070e000000|  0%| F|  |TAMS 0x000000070de00000, 0x000000070de00000| Untracked 
|  56|0x000000070e000000, 0x000000070e000000, 0x000000070e200000|  0%| F|  |TAMS 0x000000070e000000, 0x000000070e000000| Untracked 
|  57|0x000000070e200000, 0x000000070e200000, 0x000000070e400000|  0%| F|  |TAMS 0x000000070e200000, 0x000000070e200000| Untracked 
|  58|0x000000070e400000, 0x000000070e400000, 0x000000070e600000|  0%| F|  |TAMS 0x000000070e400000, 0x000000070e400000| Untracked 
|  59|0x000000070e600000, 0x000000070e600000, 0x000000070e800000|  0%| F|  |TAMS 0x000000070e600000, 0x000000070e600000| Untracked 
|  60|0x000000070e800000, 0x000000070e800000, 0x000000070ea00000|  0%| F|  |TAMS 0x000000070e800000, 0x000000070e800000| Untracked 
|  61|0x000000070ea00000, 0x000000070ea00000, 0x000000070ec00000|  0%| F|  |TAMS 0x000000070ea00000, 0x000000070ea00000| Untracked 
|  62|0x000000070ec00000, 0x000000070ec00000, 0x000000070ee00000|  0%| F|  |TAMS 0x000000070ec00000, 0x000000070ec00000| Untracked 
|  63|0x000000070ee00000, 0x000000070ee00000, 0x000000070f000000|  0%| F|  |TAMS 0x000000070ee00000, 0x000000070ee00000| Untracked 
|  64|0x000000070f000000, 0x000000070f000000, 0x000000070f200000|  0%| F|  |TAMS 0x000000070f000000, 0x000000070f000000| Untracked 
|  65|0x000000070f200000, 0x000000070f200000, 0x000000070f400000|  0%| F|  |TAMS 0x000000070f200000, 0x000000070f200000| Untracked 
|  66|0x000000070f400000, 0x000000070f400000, 0x000000070f600000|  0%| F|  |TAMS 0x000000070f400000, 0x000000070f400000| Untracked 
|  67|0x000000070f600000, 0x000000070f600000, 0x000000070f800000|  0%| F|  |TAMS 0x000000070f600000, 0x000000070f600000| Untracked 
|  68|0x000000070f800000, 0x000000070f800000, 0x000000070fa00000|  0%| F|  |TAMS 0x000000070f800000, 0x000000070f800000| Untracked 
|  69|0x000000070fa00000, 0x000000070fa00000, 0x000000070fc00000|  0%| F|  |TAMS 0x000000070fa00000, 0x000000070fa00000| Untracked 
|  70|0x000000070fc00000, 0x000000070fc00000, 0x000000070fe00000|  0%| F|  |TAMS 0x000000070fc00000, 0x000000070fc00000| Untracked 
|  71|0x000000070fe00000, 0x000000070fe00000, 0x0000000710000000|  0%| F|  |TAMS 0x000000070fe00000, 0x000000070fe00000| Untracked 
|  72|0x0000000710000000, 0x0000000710000000, 0x0000000710200000|  0%| F|  |TAMS 0x0000000710000000, 0x0000000710000000| Untracked 
|  73|0x0000000710200000, 0x0000000710200000, 0x0000000710400000|  0%| F|  |TAMS 0x0000000710200000, 0x0000000710200000| Untracked 
|  74|0x0000000710400000, 0x0000000710400000, 0x0000000710600000|  0%| F|  |TAMS 0x0000000710400000, 0x0000000710400000| Untracked 
|  75|0x0000000710600000, 0x0000000710600000, 0x0000000710800000|  0%| F|  |TAMS 0x0000000710600000, 0x0000000710600000| Untracked 
|  76|0x0000000710800000, 0x0000000710800000, 0x0000000710a00000|  0%| F|  |TAMS 0x0000000710800000, 0x0000000710800000| Untracked 
|  77|0x0000000710a00000, 0x0000000710a00000, 0x0000000710c00000|  0%| F|  |TAMS 0x0000000710a00000, 0x0000000710a00000| Untracked 
|  78|0x0000000710c00000, 0x0000000710c00000, 0x0000000710e00000|  0%| F|  |TAMS 0x0000000710c00000, 0x0000000710c00000| Untracked 
|  79|0x0000000710e00000, 0x0000000710e00000, 0x0000000711000000|  0%| F|  |TAMS 0x0000000710e00000, 0x0000000710e00000| Untracked 
|  80|0x0000000711000000, 0x0000000711000000, 0x0000000711200000|  0%| F|  |TAMS 0x0000000711000000, 0x0000000711000000| Untracked 
|  81|0x0000000711200000, 0x0000000711200000, 0x0000000711400000|  0%| F|  |TAMS 0x0000000711200000, 0x0000000711200000| Untracked 
|  82|0x0000000711400000, 0x0000000711400000, 0x0000000711600000|  0%| F|  |TAMS 0x0000000711400000, 0x0000000711400000| Untracked 
|  83|0x0000000711600000, 0x0000000711600000, 0x0000000711800000|  0%| F|  |TAMS 0x0000000711600000, 0x0000000711600000| Untracked 
|  84|0x0000000711800000, 0x0000000711800000, 0x0000000711a00000|  0%| F|  |TAMS 0x0000000711800000, 0x0000000711800000| Untracked 
|  85|0x0000000711a00000, 0x0000000711a00000, 0x0000000711c00000|  0%| F|  |TAMS 0x0000000711a00000, 0x0000000711a00000| Untracked 
|  86|0x0000000711c00000, 0x0000000711c00000, 0x0000000711e00000|  0%| F|  |TAMS 0x0000000711c00000, 0x0000000711c00000| Untracked 
|  87|0x0000000711e00000, 0x0000000711e00000, 0x0000000712000000|  0%| F|  |TAMS 0x0000000711e00000, 0x0000000711e00000| Untracked 
|  88|0x0000000712000000, 0x0000000712000000, 0x0000000712200000|  0%| F|  |TAMS 0x0000000712000000, 0x0000000712000000| Untracked 
|  89|0x0000000712200000, 0x0000000712200000, 0x0000000712400000|  0%| F|  |TAMS 0x0000000712200000, 0x0000000712200000| Untracked 
|  90|0x0000000712400000, 0x0000000712400000, 0x0000000712600000|  0%| F|  |TAMS 0x0000000712400000, 0x0000000712400000| Untracked 
|  91|0x0000000712600000, 0x0000000712600000, 0x0000000712800000|  0%| F|  |TAMS 0x0000000712600000, 0x0000000712600000| Untracked 
|  92|0x0000000712800000, 0x0000000712800000, 0x0000000712a00000|  0%| F|  |TAMS 0x0000000712800000, 0x0000000712800000| Untracked 
|  93|0x0000000712a00000, 0x0000000712a00000, 0x0000000712c00000|  0%| F|  |TAMS 0x0000000712a00000, 0x0000000712a00000| Untracked 
|  94|0x0000000712c00000, 0x0000000712c00000, 0x0000000712e00000|  0%| F|  |TAMS 0x0000000712c00000, 0x0000000712c00000| Untracked 
|  95|0x0000000712e00000, 0x0000000712e00000, 0x0000000713000000|  0%| F|  |TAMS 0x0000000712e00000, 0x0000000712e00000| Untracked 
|  96|0x0000000713000000, 0x0000000713000000, 0x0000000713200000|  0%| F|  |TAMS 0x0000000713000000, 0x0000000713000000| Untracked 
|  97|0x0000000713200000, 0x0000000713200000, 0x0000000713400000|  0%| F|  |TAMS 0x0000000713200000, 0x0000000713200000| Untracked 
|  98|0x0000000713400000, 0x0000000713400000, 0x0000000713600000|  0%| F|  |TAMS 0x0000000713400000, 0x0000000713400000| Untracked 
|  99|0x0000000713600000, 0x0000000713600000, 0x0000000713800000|  0%| F|  |TAMS 0x0000000713600000, 0x0000000713600000| Untracked 
| 100|0x0000000713800000, 0x0000000713800000, 0x0000000713a00000|  0%| F|  |TAMS 0x0000000713800000, 0x0000000713800000| Untracked 
| 101|0x0000000713a00000, 0x0000000713a00000, 0x0000000713c00000|  0%| F|  |TAMS 0x0000000713a00000, 0x0000000713a00000| Untracked 
| 102|0x0000000713c00000, 0x0000000713c00000, 0x0000000713e00000|  0%| F|  |TAMS 0x0000000713c00000, 0x0000000713c00000| Untracked 
| 103|0x0000000713e00000, 0x0000000713e00000, 0x0000000714000000|  0%| F|  |TAMS 0x0000000713e00000, 0x0000000713e00000| Untracked 
| 104|0x0000000714000000, 0x0000000714000000, 0x0000000714200000|  0%| F|  |TAMS 0x0000000714000000, 0x0000000714000000| Untracked 
| 105|0x0000000714200000, 0x0000000714200000, 0x0000000714400000|  0%| F|  |TAMS 0x0000000714200000, 0x0000000714200000| Untracked 
| 106|0x0000000714400000, 0x0000000714400000, 0x0000000714600000|  0%| F|  |TAMS 0x0000000714400000, 0x0000000714400000| Untracked 
| 107|0x0000000714600000, 0x0000000714600000, 0x0000000714800000|  0%| F|  |TAMS 0x0000000714600000, 0x0000000714600000| Untracked 
| 108|0x0000000714800000, 0x0000000714800000, 0x0000000714a00000|  0%| F|  |TAMS 0x0000000714800000, 0x0000000714800000| Untracked 
| 109|0x0000000714a00000, 0x0000000714a00000, 0x0000000714c00000|  0%| F|  |TAMS 0x0000000714a00000, 0x0000000714a00000| Untracked 
| 110|0x0000000714c00000, 0x0000000714c00000, 0x0000000714e00000|  0%| F|  |TAMS 0x0000000714c00000, 0x0000000714c00000| Untracked 
| 111|0x0000000714e00000, 0x0000000714e00000, 0x0000000715000000|  0%| F|  |TAMS 0x0000000714e00000, 0x0000000714e00000| Untracked 
| 112|0x0000000715000000, 0x0000000715000000, 0x0000000715200000|  0%| F|  |TAMS 0x0000000715000000, 0x0000000715000000| Untracked 
| 113|0x0000000715200000, 0x0000000715200000, 0x0000000715400000|  0%| F|  |TAMS 0x0000000715200000, 0x0000000715200000| Untracked 
| 114|0x0000000715400000, 0x0000000715400000, 0x0000000715600000|  0%| F|  |TAMS 0x0000000715400000, 0x0000000715400000| Untracked 
| 115|0x0000000715600000, 0x0000000715600000, 0x0000000715800000|  0%| F|  |TAMS 0x0000000715600000, 0x0000000715600000| Untracked 
| 116|0x0000000715800000, 0x0000000715800000, 0x0000000715a00000|  0%| F|  |TAMS 0x0000000715800000, 0x0000000715800000| Untracked 
| 117|0x0000000715a00000, 0x0000000715a00000, 0x0000000715c00000|  0%| F|  |TAMS 0x0000000715a00000, 0x0000000715a00000| Untracked 
| 118|0x0000000715c00000, 0x0000000715c00000, 0x0000000715e00000|  0%| F|  |TAMS 0x0000000715c00000, 0x0000000715c00000| Untracked 
| 119|0x0000000715e00000, 0x0000000715e00000, 0x0000000716000000|  0%| F|  |TAMS 0x0000000715e00000, 0x0000000715e00000| Untracked 
| 120|0x0000000716000000, 0x0000000716000000, 0x0000000716200000|  0%| F|  |TAMS 0x0000000716000000, 0x0000000716000000| Untracked 
| 121|0x0000000716200000, 0x0000000716200000, 0x0000000716400000|  0%| F|  |TAMS 0x0000000716200000, 0x0000000716200000| Untracked 
| 122|0x0000000716400000, 0x0000000716400000, 0x0000000716600000|  0%| F|  |TAMS 0x0000000716400000, 0x0000000716400000| Untracked 
| 123|0x0000000716600000, 0x00000007167dd530, 0x0000000716800000| 93%| E|  |TAMS 0x0000000716600000, 0x0000000716600000| Complete 
| 124|0x0000000716800000, 0x0000000716a00000, 0x0000000716a00000|100%| E|CS|TAMS 0x0000000716800000, 0x0000000716800000| Complete 

Card table byte_map: [0x0000023975810000,0x0000023975fe0000] _byte_map_base: 0x0000023971fd8000

Marking Bits (Prev, Next): (CMBitMap*) 0x000002396ce083c0, (CMBitMap*) 0x000002396ce08400
 Prev Bits: [0x00000239767b0000, 0x000002397a5f0000)
 Next Bits: [0x000002397a5f0000, 0x000002397e430000)

Polling page: 0x000002396ad30000

Metaspace:

Usage:
  Non-class:      1.41 MB used.
      Class:    124.66 KB used.
       Both:      1.53 MB used.

Virtual space:
  Non-class space:       64.00 MB reserved,       1.44 MB (  2%) committed,  1 nodes.
      Class space:        1.00 GB reserved,     192.00 KB ( <1%) committed,  1 nodes.
             Both:        1.06 GB reserved,       1.62 MB ( <1%) committed. 

Chunk freelists:
   Non-Class:  3.94 MB
       Class:  3.71 MB
        Both:  7.66 MB

MaxMetaspaceSize: unlimited
CompressedClassSpaceSize: 1.00 GB
Initial GC threshold: 21.00 MB
Current GC threshold: 21.00 MB
CDS: on
MetaspaceReclaimPolicy: balanced
 - commit_granule_bytes: 65536.
 - commit_granule_words: 8192.
 - virtual_space_node_default_size: 8388608.
 - enlarge_chunks_in_place: 1.
 - new_chunks_are_fully_committed: 0.
 - uncommit_free_chunks: 1.
 - use_allocation_guard: 0.


Internal statistics:

num_allocs_failed_limit: 0.
num_arena_births: 58.
num_arena_deaths: 0.
num_vsnodes_births: 2.
num_vsnodes_deaths: 0.
num_space_committed: 26.
num_space_uncommitted: 0.
num_chunks_returned_to_freelist: 0.
num_chunks_taken_from_freelist: 59.
num_chunk_merges: 0.
num_chunk_splits: 41.
num_chunks_enlarged: 27.
num_inconsistent_stats: 0.

CodeHeap 'non-profiled nmethods': size=120000Kb used=111Kb max_used=111Kb free=119888Kb
 bounds [0x0000023907ad0000, 0x0000023907d40000, 0x000002390f000000]
CodeHeap 'profiled nmethods': size=120000Kb used=426Kb max_used=426Kb free=119573Kb
 bounds [0x0000023900000000, 0x0000023900270000, 0x0000023907530000]
CodeHeap 'non-nmethods': size=5760Kb used=1236Kb max_used=1236Kb free=4523Kb
 bounds [0x0000023907530000, 0x00000239077a0000, 0x0000023907ad0000]
 total_blobs=764 nmethods=339 adapters=336
 compilation: enabled
              stopped_count=0, restarted_count=0
 full_count=0

Compilation events (20 events):
Event: 0.298 Thread 0x000002397efc93a0  332       3       java.util.Arrays::copyOf (19 bytes)
Event: 0.298 Thread 0x000002397efc93a0 nmethod 332 0x0000023900065690 code [0x0000023900065840, 0x0000023900065b28]
Event: 0.298 Thread 0x000002397efc93a0  331       3       java.lang.AbstractStringBuilder::newCapacity (59 bytes)
Event: 0.298 Thread 0x000002397efc93a0 nmethod 331 0x0000023900065c90 code [0x0000023900065e60, 0x0000023900066258]
Event: 0.298 Thread 0x000002397efc93a0  330       3       java.lang.invoke.MemberName::getName (25 bytes)
Event: 0.298 Thread 0x000002397efc93a0 nmethod 330 0x0000023900066410 code [0x00000239000665e0, 0x0000023900066988]
Event: 0.301 Thread 0x000002397efc93a0  334       3       java.lang.System::getSecurityManager (12 bytes)
Event: 0.301 Thread 0x000002397efc93a0 nmethod 334 0x0000023900066a90 code [0x0000023900066c40, 0x0000023900066db8]
Event: 0.301 Thread 0x000002397efc93a0  335       3       java.lang.System::allowSecurityManager (13 bytes)
Event: 0.301 Thread 0x000002397efc93a0 nmethod 335 0x0000023900066e90 code [0x0000023900067020, 0x0000023900067118]
Event: 0.301 Thread 0x000002397efc93a0  333       3       java.lang.invoke.MethodHandles$Lookup::lookupClassOrNull (17 bytes)
Event: 0.301 Thread 0x000002397efc93a0 nmethod 333 0x0000023900067190 code [0x0000023900067340, 0x00000239000674d8]
Event: 0.302 Thread 0x000002397efc93a0  336       3       jdk.internal.misc.Unsafe::allocateUninitializedArray0 (90 bytes)
Event: 0.302 Thread 0x000002397efc93a0 nmethod 336 0x0000023900067590 code [0x00000239000677c0, 0x0000023900068138]
Event: 0.302 Thread 0x000002397efc93a0  337       3       sun.invoke.util.VerifyType::isNullConversion (157 bytes)
Event: 0.302 Thread 0x000002397efc93a0 nmethod 337 0x0000023900068290 code [0x00000239000685c0, 0x0000023900069ba8]
Event: 0.302 Thread 0x000002397efc93a0  338       3       java.lang.invoke.MemberName::isConstructor (8 bytes)
Event: 0.302 Thread 0x000002397efc93a0 nmethod 338 0x000002390006a090 code [0x000002390006a240, 0x000002390006a478]
Event: 0.302 Thread 0x000002397efc93a0  339       3       java.lang.reflect.Modifier::isProtected (12 bytes)
Event: 0.302 Thread 0x000002397efc93a0 nmethod 339 0x000002390006a590 code [0x000002390006a720, 0x000002390006a878]

GC Heap History (0 events):
No events

Dll operation events (7 events):
Event: 0.006 Loaded shared library C:\Program Files\Java\jdk-19\bin\java.dll
Event: 0.225 Loaded shared library C:\Program Files\Java\jdk-19\bin\jsvml.dll
Event: 0.256 Loaded shared library C:\Program Files\Java\jdk-19\bin\net.dll
Event: 0.257 Loaded shared library C:\Program Files\Java\jdk-19\bin\nio.dll
Event: 0.272 Loaded shared library C:\Program Files\Java\jdk-19\bin\zip.dll
Event: 0.277 Loaded shared library C:\Program Files\Java\jdk-19\bin\jimage.dll
Event: 0.286 Loaded shared library C:\Program Files\Java\jdk-19\bin\awt.dll

Deoptimization events (0 events):
No events

Classes loaded (20 events):
Event: 0.302 Loading class sun/awt/AppContext$2
Event: 0.302 Loading class sun/awt/AppContext$2 done
Event: 0.302 Loading class sun/awt/SunToolkit
Event: 0.303 Loading class sun/awt/ComponentFactory
Event: 0.303 Loading class sun/awt/ComponentFactory done
Event: 0.303 Loading class sun/awt/InputMethodSupport
Event: 0.303 Loading class sun/awt/InputMethodSupport done
Event: 0.303 Loading class sun/awt/KeyboardFocusManagerPeerProvider
Event: 0.303 Loading class sun/awt/KeyboardFocusManagerPeerProvider done
Event: 0.303 Loading class sun/awt/SunToolkit done
Event: 0.303 Loading class sun/awt/WeakIdentityHashMap
Event: 0.303 Loading class sun/awt/WeakIdentityHashMap done
Event: 0.303 Loading class sun/awt/SoftCache
Event: 0.303 Loading class sun/awt/SoftCache done
Event: 0.303 Loading class sun/awt/AppContext$State
Event: 0.303 Loading class sun/awt/AppContext$State done
Event: 0.303 Loading class sun/awt/AppContext$1
Event: 0.303 Loading class sun/awt/AppContext$1 done
Event: 0.303 Loading class java/awt/EventQueue
Event: 0.303 Loading class java/awt/EventQueue done

Classes unloaded (0 events):
No events

Classes redefined (0 events):
No events

Internal exceptions (7 events):
Event: 0.259 Thread 0x000002396cd984d0 Exception <a 'sun/nio/fs/WindowsException'{0x000000071699c918}> (0x000000071699c918) 
thrown [s\open\src\hotspot\share\prims\jni.cpp, line 517]
Event: 0.259 Thread 0x000002396cd984d0 Exception <a 'sun/nio/fs/WindowsException'{0x000000071699ced8}> (0x000000071699ced8) 
thrown [s\open\src\hotspot\share\prims\jni.cpp, line 517]
Event: 0.260 Thread 0x000002396cd984d0 Exception <a 'sun/nio/fs/WindowsException'{0x000000071699f500}> (0x000000071699f500) 
thrown [s\open\src\hotspot\share\prims\jni.cpp, line 517]
Event: 0.260 Thread 0x000002396cd984d0 Exception <a 'sun/nio/fs/WindowsException'{0x00000007169a00b8}> (0x00000007169a00b8) 
thrown [s\open\src\hotspot\share\prims\jni.cpp, line 517]
Event: 0.281 Thread 0x000002396cd984d0 Exception <a 'java/lang/ClassNotFoundException'{0x000000071670d518}: sun/awt/resources/spi/awtProvider> (0x000000071670d518) 
thrown [s\open\src\hotspot\share\classfile\systemDictionary.cpp, line 255]
Event: 0.293 Thread 0x000002396cd984d0 Exception <a 'java/io/FileNotFoundException'{0x0000000716764ae8}> (0x0000000716764ae8) 
thrown [s\open\src\hotspot\share\prims\jni.cpp, line 517]
Event: 0.297 Thread 0x000002396cd984d0 Exception <a 'java/io/FileNotFoundException'{0x0000000716791298}> (0x0000000716791298) 
thrown [s\open\src\hotspot\share\prims\jni.cpp, line 517]

VM Operations (4 events):
Event: 0.261 Executing VM operation: HandshakeAllThreads
Event: 0.261 Executing VM operation: HandshakeAllThreads done
Event: 0.301 Executing VM operation: HandshakeAllThreads
Event: 0.301 Executing VM operation: HandshakeAllThreads done

Events (12 events):
Event: 0.226 Thread 0x000002396cd984d0 Thread added: 0x000002396cd984d0
Event: 0.233 Thread 0x000002397ec8bc60 Thread added: 0x000002397ec8bc60
Event: 0.233 Thread 0x000002397ec8c880 Thread added: 0x000002397ec8c880
Event: 0.233 Thread 0x000002397ec918d0 Thread added: 0x000002397ec918d0
Event: 0.234 Thread 0x000002397ec94760 Thread added: 0x000002397ec94760
Event: 0.234 Thread 0x000002397ec95180 Thread added: 0x000002397ec95180
Event: 0.234 Thread 0x000002397ec95ba0 Thread added: 0x000002397ec95ba0
Event: 0.234 Thread 0x000002397efc8090 Thread added: 0x000002397efc8090
Event: 0.234 Thread 0x000002397efc93a0 Thread added: 0x000002397efc93a0
Event: 0.234 Thread 0x000002397ec9e8d0 Thread added: 0x000002397ec9e8d0
Event: 0.248 Thread 0x000002397f0854b0 Thread added: 0x000002397f0854b0
Event: 0.268 Thread 0x000002397f14c240 Thread added: 0x000002397f14c240


Dynamic libraries:
0x00007ff766210000 - 0x00007ff766220000 	C:\Program Files\Java\jdk-19\bin\java.exe
0x00007ffabc3f0000 - 0x00007ffabc604000 	C:\WINDOWS\SYSTEM32\ntdll.dll
0x00007ffabafd0000 - 0x00007ffabb092000 	C:\WINDOWS\System32\KERNEL32.DLL
0x00007ffab9b00000 - 0x00007ffab9ea3000 	C:\WINDOWS\System32\KERNELBASE.dll
0x00007ffab9f80000 - 0x00007ffaba091000 	C:\WINDOWS\System32\ucrtbase.dll
0x00007ffaa6df0000 - 0x00007ffaa6e08000 	C:\Program Files\Java\jdk-19\bin\jli.dll
0x00007ffabaf20000 - 0x00007ffabafce000 	C:\WINDOWS\System32\ADVAPI32.dll
0x00007ffaa7390000 - 0x00007ffaa73ab000 	C:\Program Files\Java\jdk-19\bin\VCRUNTIME140.dll
0x00007ffabbd60000 - 0x00007ffabbe07000 	C:\WINDOWS\System32\msvcrt.dll
0x00007ffabb220000 - 0x00007ffabb2c4000 	C:\WINDOWS\System32\sechost.dll
0x00007ffabb100000 - 0x00007ffabb217000 	C:\WINDOWS\System32\RPCRT4.dll
0x00007ffabacd0000 - 0x00007ffabae7a000 	C:\WINDOWS\System32\USER32.dll
0x00007ffab9f50000 - 0x00007ffab9f76000 	C:\WINDOWS\System32\win32u.dll
0x00007ffaa86a0000 - 0x00007ffaa892e000 	C:\WINDOWS\WinSxS\amd64_microsoft.windows.common-controls_6595b64144ccf1df_6.0.22621.1635_none_270f70857386168e\COMCTL32.dll
0x00007ffabb2d0000 - 0x00007ffabb2f9000 	C:\WINDOWS\System32\GDI32.dll
0x00007ffab97f0000 - 0x00007ffab9909000 	C:\WINDOWS\System32\gdi32full.dll
0x00007ffab9eb0000 - 0x00007ffab9f4a000 	C:\WINDOWS\System32\msvcp_win.dll
0x00007ffaaa4c0000 - 0x00007ffaaa4ca000 	C:\WINDOWS\SYSTEM32\VERSION.dll
0x00007ffabbb30000 - 0x00007ffabbb61000 	C:\WINDOWS\System32\IMM32.DLL
0x00007ffaae6b0000 - 0x00007ffaae6bc000 	C:\Program Files\Java\jdk-19\bin\vcruntime140_1.dll
0x00007ffa803c0000 - 0x00007ffa8044e000 	C:\Program Files\Java\jdk-19\bin\msvcp140.dll
0x00007ffa4f8e0000 - 0x00007ffa505a0000 	C:\Program Files\Java\jdk-19\bin\server\jvm.dll
0x00007ffaae080000 - 0x00007ffaae0b4000 	C:\WINDOWS\SYSTEM32\WINMM.dll
0x00007ffa97420000 - 0x00007ffa97429000 	C:\WINDOWS\SYSTEM32\WSOCK32.dll
0x00007ffabbb80000 - 0x00007ffabbbf1000 	C:\WINDOWS\System32\WS2_32.dll
0x00007ffab8920000 - 0x00007ffab8938000 	C:\WINDOWS\SYSTEM32\kernel.appcore.dll
0x00007ffaacc00000 - 0x00007ffaacc0a000 	C:\Program Files\Java\jdk-19\bin\jimage.dll
0x00007ffab7240000 - 0x00007ffab746e000 	C:\WINDOWS\SYSTEM32\DBGHELP.DLL
0x00007ffabbef0000 - 0x00007ffabc279000 	C:\WINDOWS\System32\combase.dll
0x00007ffabbe10000 - 0x00007ffabbee7000 	C:\WINDOWS\System32\OLEAUT32.dll
0x00007ffa936a0000 - 0x00007ffa936d2000 	C:\WINDOWS\SYSTEM32\dbgcore.DLL
0x00007ffab9a80000 - 0x00007ffab9afa000 	C:\WINDOWS\System32\bcryptPrimitives.dll
0x00007ffaa6720000 - 0x00007ffaa6746000 	C:\Program Files\Java\jdk-19\bin\java.dll
0x00007ffa7e6c0000 - 0x00007ffa7e797000 	C:\Program Files\Java\jdk-19\bin\jsvml.dll
0x00007ffaba390000 - 0x00007ffabab89000 	C:\WINDOWS\System32\SHELL32.dll
0x00007ffab77b0000 - 0x00007ffab807e000 	C:\WINDOWS\SYSTEM32\windows.storage.dll
0x00007ffab7670000 - 0x00007ffab77ae000 	C:\WINDOWS\SYSTEM32\wintypes.dll
0x00007ffabbc60000 - 0x00007ffabbd51000 	C:\WINDOWS\System32\SHCORE.dll
0x00007ffabb300000 - 0x00007ffabb35e000 	C:\WINDOWS\System32\shlwapi.dll
0x00007ffab9720000 - 0x00007ffab9746000 	C:\WINDOWS\SYSTEM32\profapi.dll
0x00007ffaa6790000 - 0x00007ffaa67a3000 	C:\Program Files\Java\jdk-19\bin\net.dll
0x00007ffab0520000 - 0x00007ffab0657000 	C:\WINDOWS\SYSTEM32\WINHTTP.dll
0x00007ffab8da0000 - 0x00007ffab8e09000 	C:\WINDOWS\system32\mswsock.dll
0x00007ffaa6570000 - 0x00007ffaa6586000 	C:\Program Files\Java\jdk-19\bin\nio.dll
0x00007ffaa6540000 - 0x00007ffaa6558000 	C:\Program Files\Java\jdk-19\bin\zip.dll
0x00007ffa670c0000 - 0x00007ffa67251000 	C:\Program Files\Java\jdk-19\bin\awt.dll
0x00007ffab3800000 - 0x00007ffab3897000 	C:\WINDOWS\SYSTEM32\apphelp.dll

dbghelp: loaded successfully - version: 4.0.5 - missing functions: none
symbol engine: initialized successfully - sym options: 0x614 - pdb path: .;C:\Program Files\Java\jdk-19\bin;C:\WINDOWS\SYSTEM32;C:\WINDOWS\WinSxS\amd64_microsoft.windows.common-controls_6595b64144ccf1df_6.0.22621.1635_none_270f70857386168e;C:\Program Files\Java\jdk-19\bin\server

VM Arguments:
jvm_args: -Dfile.encoding=UTF-8 --module-path=C:\Users\kiit\OneDrive\Documents\NetBeansProjects\Employee Managemment System\build\classes 
java_command: employee.managemment.system.AddEmployee
java_class_path (initial): D:\mysql-connector-j-8.1.0\mysql-connector-j-8.1.0.jar;C:\Users\kiit\OneDrive\Documents\NetBeansProjects\Employee Managemment System\build\classes
Launcher Type: SUN_STANDARD

[Global flags]
     intx CICompilerCount                          = 4                                         {product} {ergonomic}
     uint ConcGCThreads                            = 2                                         {product} {ergonomic}
     uint G1ConcRefinementThreads                  = 8                                         {product} {ergonomic}
   size_t G1HeapRegionSize                         = 2097152                                   {product} {ergonomic}
    uintx GCDrainStackTargetSize                   = 64                                        {product} {ergonomic}
   size_t InitialHeapSize                          = 262144000                                 {product} {ergonomic}
   size_t MarkStackSize                            = 4194304                                   {product} {ergonomic}
   size_t MaxHeapSize                              = 4177526784                                {product} {ergonomic}
   size_t MaxNewSize                               = 2506096640                                {product} {ergonomic}
   size_t MinHeapDeltaBytes                        = 2097152                                   {product} {ergonomic}
   size_t MinHeapSize                              = 8388608                                   {product} {ergonomic}
    uintx NonNMethodCodeHeapSize                   = 5839372                                {pd product} {ergonomic}
    uintx NonProfiledCodeHeapSize                  = 122909434                              {pd product} {ergonomic}
    uintx ProfiledCodeHeapSize                     = 122909434                              {pd product} {ergonomic}
    uintx ReservedCodeCacheSize                    = 251658240                              {pd product} {ergonomic}
     bool SegmentedCodeCache                       = true                                      {product} {ergonomic}
   size_t SoftMaxHeapSize                          = 4177526784                             {manageable} {ergonomic}
     bool UseCompressedClassPointers               = true                           {product lp64_product} {ergonomic}
     bool UseCompressedOops                        = true                           {product lp64_product} {ergonomic}
     bool UseG1GC                                  = true                                      {product} {ergonomic}
     bool UseLargePagesIndividualAllocation        = false                                  {pd product} {ergonomic}

Logging:
Log output configuration:
 #0: stdout all=warning uptime,level,tags foldmultilines=false
 #1: stderr all=off uptime,level,tags foldmultilines=false

Environment Variables:
PATH=C:\Program Files\Common Files\Oracle\Java\javapath;C:\Program Files (x86)\Common Files\Oracle\Java\javapath;C:\oraclexe\app\oracle\product\10.2.0\server\bin;C:\WINDOWS\system32;C:\WINDOWS;C:\WINDOWS\System32\Wbem;C:\WINDOWS\System32\WindowsPowerShell\v1.0\;C:\WINDOWS\System32\OpenSSH\;C:\Program Files\dotnet\;C:\Program Files\Java\jdk-19\bin;C:\Program Files (x86)\Microsoft SQL Server\160\Tools\Binn\;C:\Program Files\Microsoft SQL Server\160\Tools\Binn\;C:\Program Files\Microsoft SQL Server\Client SDK\ODBC\170\Tools\Binn\;C:\Program Files\Microsoft SQL Server\160\DTS\Binn\;C:\Program Files\Azure Data Studio\bin;C:\Program Files\nodejs\;C:\Program Files\MySQL\MySQL Server 8.0\bin;C:\Program Files\MySQL\MySQL Shell 8.0\bin\;C:\Users\kiit\AppData\Local\Programs\Python\Python311\Scripts\;C:\Users\kiit\AppData\Local\Programs\Python\Python311\;C:\Users\kiit\AppData\Local\Microsoft\WindowsApps;C:\Users\kiit\AppData\Local\Programs\Microsoft VS Code\bin;C:\MinGW\bin;;C:\Program Files\Azure Data Studio\bin;C:\Users\kiit\AppData\Roaming\npm
USERNAME=kiit
OS=Windows_NT
PROCESSOR_IDENTIFIER=Intel64 Family 6 Model 140 Stepping 1, GenuineIntel
TMP=C:\Users\kiit\AppData\Local\Temp
TEMP=C:\Users\kiit\AppData\Local\Temp



---------------  S Y S T E M  ---------------

OS:
 Windows 11 , 64 bit Build 22621 (10.0.22621.1928)
OS uptime: 8 days 13:51 hours
Hyper-V role detected

CPU: total 8 (initial active 8) (4 cores per cpu, 2 threads per core) family 6 model 140 stepping 1 microcode 0x9a, cx8, cmov, fxsr, ht, mmx, 3dnowpref, sse, sse2, sse3, ssse3, sse4.1, sse4.2, popcnt, lzcnt, tsc, tscinvbit, avx, avx2, aes, erms, clmul, bmi1, bmi2, adx, avx512f, avx512dq, avx512cd, avx512bw, avx512vl, sha, fma, vzeroupper, avx512_vpopcntdq, avx512_vpclmulqdq, avx512_vaes, avx512_vnni, clflush, clflushopt, clwb, avx512_vbmi2, avx512_vbmi, hv, rdtscp, rdpid, fsrm, gfni, avx512_bitalg

Memory: 4k page, system-wide physical 15931M (2681M free)
TotalPageFile size 45444M (AvailPageFile size 3M)
current process WorkingSet (physical memory assigned to process): 38M, peak: 38M
current process commit charge ("private bytes"): 340M, peak: 340M

vm_info: Java HotSpot(TM) 64-Bit Server VM (19.0.2+7-44) for windows-amd64 JRE (19.0.2+7-44), built on 2022-11-30T18:02:09Z by "mach5one" with MS VC++ 17.1 (VS2022)

END.
