#
# There is insufficient memory for the Java Runtime Environment to continue.
# Native memory allocation (mmap) failed to map 262144000 bytes for G1 virtual space
# Possible reasons:
#   The system is out of physical RAM or swap space
#   The process is running with CompressedOops enabled, and the Java Heap may be blocking the growth of the native heap
# Possible solutions:
#   Reduce memory load on the system
#   Increase physical memory or swap space
#   Check if swap backing store is full
#   Decrease Java heap size (-Xmx/-Xms)
#   Decrease number of Java threads
#   Decrease Java thread stack sizes (-Xss)
#   Set larger code cache with -XX:ReservedCodeCacheSize=
#   JVM is running with Zero Based Compressed Oops mode in which the Java heap is
#     placed in the first 32GB address space. The Java Heap base address is the
#     maximum limit for the native heap growth. Please use -XX:HeapBaseMinAddress
#     to set the Java Heap base and to place the Java Heap above 32GB virtual address.
# This output file may be truncated or incomplete.
#
#  Out of Memory Error (os_windows.cpp:3536), pid=34692, tid=33844
#
# JRE version:  (19.0.2+7) (build )
# Java VM: Java HotSpot(TM) 64-Bit Server VM (19.0.2+7-44, mixed mode, sharing, tiered, compressed oops, compressed class ptrs, g1 gc, windows-amd64)
# No core dump will be written. Minidumps are not enabled by default on client versions of Windows
#

---------------  S U M M A R Y ------------

Command Line: -Dfile.encoding=UTF-8 --module-path=C:\Users\kiit\OneDrive\Documents\NetBeansProjects\Employee Managemment System\build\classes employee.managemment.system.AddEmployee

Host: 11th Gen Intel(R) Core(TM) i7-1165G7 @ 2.80GHz, 8 cores, 15G,  Windows 11 , 64 bit Build 22621 (10.0.22621.1928)
Time: Sat Aug  5 14:22:28 2023 India Standard Time elapsed time: 0.010607 seconds (0d 0h 0m 0s)

---------------  T H R E A D  ---------------

Current thread (0x000002b709e687f0):  JavaThread "Unknown thread" [_thread_in_vm, id=33844, stack(0x000000b897b00000,0x000000b897c00000)]

Stack: [0x000000b897b00000,0x000000b897c00000]
Native frames: (J=compiled Java code, j=interpreted, Vv=VM code, C=native code)
V  [jvm.dll+0x6ee21a]
V  [jvm.dll+0x85765e]
V  [jvm.dll+0x85904e]
V  [jvm.dll+0x859703]
V  [jvm.dll+0x28298f]
V  [jvm.dll+0x6eb009]
V  [jvm.dll+0x6dfbaa]
V  [jvm.dll+0x3573f6]
V  [jvm.dll+0x35ee56]
V  [jvm.dll+0x3b541e]
V  [jvm.dll+0x3b564f]
V  [jvm.dll+0x32c9ea]
V  [jvm.dll+0x32d89e]
V  [jvm.dll+0x821780]
V  [jvm.dll+0x3c2661]
V  [jvm.dll+0x801f51]
V  [jvm.dll+0x44ae8f]
V  [jvm.dll+0x44c811]
C  [jli.dll+0x5287]
C  [ucrtbase.dll+0x29363]
C  [KERNEL32.DLL+0x126ad]
C  [ntdll.dll+0x5aa68]


---------------  P R O C E S S  ---------------

Threads class SMR info:
_java_thread_list=0x00007ffa5045d048, length=0, elements={
}

Java Threads: ( => current thread )

Other Threads:
  0x000002b709ed7d40 WorkerThread "GC Thread#0" [stack: 0x000000b897c00000,0x000000b897d00000] [id=23512]
  0x000002b709ee85a0 ConcurrentGCThread "G1 Main Marker" [stack: 0x000000b897d00000,0x000000b897e00000] [id=21560]
  0x000002b709ee8fd0 WorkerThread "G1 Conc#0" [stack: 0x000000b897e00000,0x000000b897f00000] [id=6572]

[error occurred during error reporting (printing all threads), id 0xc0000005, EXCEPTION_ACCESS_VIOLATION (0xc0000005) at pc=0x00007ffa4fc1d427]

VM state: not at safepoint (not fully initialized)

VM Mutex/Monitor currently owned by a thread:  ([mutex/lock_event])
[0x000002b709e66160] Heap_lock - owner thread: 0x000002b709e687f0

Heap address: 0x0000000707000000, size: 3984 MB, Compressed Oops mode: Zero based, Oop shift amount: 3

CDS archive(s) mapped at: [0x0000000000000000-0x0000000000000000-0x0000000000000000), size 0, SharedBaseAddress: 0x0000000800000000, ArchiveRelocationMode: 0.
Narrow klass base: 0x0000000000000000, Narrow klass shift: 0, Narrow klass range: 0x0

GC Precious Log:
 CardTable entry size: 512
 Card Set container configuration: InlinePtr #cards 4 size 8 Array Of Cards #cards 16 size 48 Howl #buckets 8 coarsen threshold 3686 Howl Bitmap #cards 512 size 80 coarsen threshold 460 Card regions per heap region 1 cards per card region 4096

Heap:
 garbage-first heap   total 0K, used 0K [0x0000000707000000, 0x0000000800000000)
  region size 2048K, 0 young (0K), 0 survivors (0K)

[error occurred during error reporting (printing heap information), id 0xc0000005, EXCEPTION_ACCESS_VIOLATION (0xc0000005) at pc=0x00007ffa50026649]

GC Heap History (0 events):
No events

Dll operation events (1 events):
Event: 0.007 Loaded shared library C:\Program Files\Java\jdk-19\bin\java.dll

Deoptimization events (0 events):
No events

Classes loaded (0 events):
No events

Classes unloaded (0 events):
No events

Classes redefined (0 events):
No events

Internal exceptions (0 events):
No events

VM Operations (0 events):
No events

Events (0 events):
No events


Dynamic libraries:
0x00007ff766210000 - 0x00007ff766220000 	C:\Program Files\Java\jdk-19\bin\java.exe
0x00007ffabc3f0000 - 0x00007ffabc604000 	C:\WINDOWS\SYSTEM32\ntdll.dll
0x00007ffabafd0000 - 0x00007ffabb092000 	C:\WINDOWS\System32\KERNEL32.DLL
0x00007ffab9b00000 - 0x00007ffab9ea3000 	C:\WINDOWS\System32\KERNELBASE.dll
0x00007ffab9f80000 - 0x00007ffaba091000 	C:\WINDOWS\System32\ucrtbase.dll
0x00007ffaa6df0000 - 0x00007ffaa6e08000 	C:\Program Files\Java\jdk-19\bin\jli.dll
0x00007ffabaf20000 - 0x00007ffabafce000 	C:\WINDOWS\System32\ADVAPI32.dll
0x00007ffaa7390000 - 0x00007ffaa73ab000 	C:\Program Files\Java\jdk-19\bin\VCRUNTIME140.dll
0x00007ffabbd60000 - 0x00007ffabbe07000 	C:\WINDOWS\System32\msvcrt.dll
0x00007ffabb220000 - 0x00007ffabb2c4000 	C:\WINDOWS\System32\sechost.dll
0x00007ffabb100000 - 0x00007ffabb217000 	C:\WINDOWS\System32\RPCRT4.dll
0x00007ffabacd0000 - 0x00007ffabae7a000 	C:\WINDOWS\System32\USER32.dll
0x00007ffab9f50000 - 0x00007ffab9f76000 	C:\WINDOWS\System32\win32u.dll
0x00007ffaa86a0000 - 0x00007ffaa892e000 	C:\WINDOWS\WinSxS\amd64_microsoft.windows.common-controls_6595b64144ccf1df_6.0.22621.1635_none_270f70857386168e\COMCTL32.dll
0x00007ffabb2d0000 - 0x00007ffabb2f9000 	C:\WINDOWS\System32\GDI32.dll
0x00007ffab97f0000 - 0x00007ffab9909000 	C:\WINDOWS\System32\gdi32full.dll
0x00007ffab9eb0000 - 0x00007ffab9f4a000 	C:\WINDOWS\System32\msvcp_win.dll
0x00007ffaaa4c0000 - 0x00007ffaaa4ca000 	C:\WINDOWS\SYSTEM32\VERSION.dll
0x00007ffabbb30000 - 0x00007ffabbb61000 	C:\WINDOWS\System32\IMM32.DLL
0x00007ffaae6b0000 - 0x00007ffaae6bc000 	C:\Program Files\Java\jdk-19\bin\vcruntime140_1.dll
0x00007ffa803c0000 - 0x00007ffa8044e000 	C:\Program Files\Java\jdk-19\bin\msvcp140.dll
0x00007ffa4f8e0000 - 0x00007ffa505a0000 	C:\Program Files\Java\jdk-19\bin\server\jvm.dll
0x00007ffaae080000 - 0x00007ffaae0b4000 	C:\WINDOWS\SYSTEM32\WINMM.dll
0x00007ffa97420000 - 0x00007ffa97429000 	C:\WINDOWS\SYSTEM32\WSOCK32.dll
0x00007ffabbb80000 - 0x00007ffabbbf1000 	C:\WINDOWS\System32\WS2_32.dll
0x00007ffab8920000 - 0x00007ffab8938000 	C:\WINDOWS\SYSTEM32\kernel.appcore.dll
0x00007ffaacc00000 - 0x00007ffaacc0a000 	C:\Program Files\Java\jdk-19\bin\jimage.dll
0x00007ffab7240000 - 0x00007ffab746e000 	C:\WINDOWS\SYSTEM32\DBGHELP.DLL
0x00007ffabbef0000 - 0x00007ffabc279000 	C:\WINDOWS\System32\combase.dll
0x00007ffabbe10000 - 0x00007ffabbee7000 	C:\WINDOWS\System32\OLEAUT32.dll
0x00007ffa936a0000 - 0x00007ffa936d2000 	C:\WINDOWS\SYSTEM32\dbgcore.DLL
0x00007ffab9a80000 - 0x00007ffab9afa000 	C:\WINDOWS\System32\bcryptPrimitives.dll
0x00007ffaa6720000 - 0x00007ffaa6746000 	C:\Program Files\Java\jdk-19\bin\java.dll

dbghelp: loaded successfully - version: 4.0.5 - missing functions: none
symbol engine: initialized successfully - sym options: 0x614 - pdb path: .;C:\Program Files\Java\jdk-19\bin;C:\WINDOWS\SYSTEM32;C:\WINDOWS\WinSxS\amd64_microsoft.windows.common-controls_6595b64144ccf1df_6.0.22621.1635_none_270f70857386168e;C:\Program Files\Java\jdk-19\bin\server

VM Arguments:
jvm_args: -Dfile.encoding=UTF-8 --module-path=C:\Users\kiit\OneDrive\Documents\NetBeansProjects\Employee Managemment System\build\classes 
java_command: employee.managemment.system.AddEmployee
java_class_path (initial): D:\mysql-connector-j-8.1.0\mysql-connector-j-8.1.0.jar;C:\Users\kiit\OneDrive\Documents\NetBeansProjects\Employee Managemment System\build\classes
Launcher Type: SUN_STANDARD

[Global flags]
     intx CICompilerCount                          = 4                                         {product} {ergonomic}
     uint ConcGCThreads                            = 2                                         {product} {ergonomic}
     uint G1ConcRefinementThreads                  = 8                                         {product} {ergonomic}
   size_t G1HeapRegionSize                         = 2097152                                   {product} {ergonomic}
    uintx GCDrainStackTargetSize                   = 64                                        {product} {ergonomic}
   size_t InitialHeapSize                          = 262144000                                 {product} {ergonomic}
   size_t MarkStackSize                            = 4194304                                   {product} {ergonomic}
   size_t MaxHeapSize                              = 4177526784                                {product} {ergonomic}
   size_t MinHeapDeltaBytes                        = 2097152                                   {product} {ergonomic}
   size_t MinHeapSize                              = 8388608                                   {product} {ergonomic}
    uintx NonNMethodCodeHeapSize                   = 5839372                                {pd product} {ergonomic}
    uintx NonProfiledCodeHeapSize                  = 122909434                              {pd product} {ergonomic}
    uintx ProfiledCodeHeapSize                     = 122909434                              {pd product} {ergonomic}
    uintx ReservedCodeCacheSize                    = 251658240                              {pd product} {ergonomic}
     bool SegmentedCodeCache                       = true                                      {product} {ergonomic}
   size_t SoftMaxHeapSize                          = 4177526784                             {manageable} {ergonomic}
     bool UseCompressedClassPointers               = true                           {product lp64_product} {ergonomic}
     bool UseCompressedOops                        = true                           {product lp64_product} {ergonomic}
     bool UseG1GC                                  = true                                      {product} {ergonomic}
     bool UseLargePagesIndividualAllocation        = false                                  {pd product} {ergonomic}

Logging:
Log output configuration:
 #0: stdout all=warning uptime,level,tags foldmultilines=false
 #1: stderr all=off uptime,level,tags foldmultilines=false

Environment Variables:
PATH=C:\Program Files\Common Files\Oracle\Java\javapath;C:\Program Files (x86)\Common Files\Oracle\Java\javapath;C:\oraclexe\app\oracle\product\10.2.0\server\bin;C:\WINDOWS\system32;C:\WINDOWS;C:\WINDOWS\System32\Wbem;C:\WINDOWS\System32\WindowsPowerShell\v1.0\;C:\WINDOWS\System32\OpenSSH\;C:\Program Files\dotnet\;C:\Program Files\Java\jdk-19\bin;C:\Program Files (x86)\Microsoft SQL Server\160\Tools\Binn\;C:\Program Files\Microsoft SQL Server\160\Tools\Binn\;C:\Program Files\Microsoft SQL Server\Client SDK\ODBC\170\Tools\Binn\;C:\Program Files\Microsoft SQL Server\160\DTS\Binn\;C:\Program Files\Azure Data Studio\bin;C:\Program Files\nodejs\;C:\Program Files\MySQL\MySQL Server 8.0\bin;C:\Program Files\MySQL\MySQL Shell 8.0\bin\;C:\Users\kiit\AppData\Local\Programs\Python\Python311\Scripts\;C:\Users\kiit\AppData\Local\Programs\Python\Python311\;C:\Users\kiit\AppData\Local\Microsoft\WindowsApps;C:\Users\kiit\AppData\Local\Programs\Microsoft VS Code\bin;C:\MinGW\bin;;C:\Program Files\Azure Data Studio\bin;C:\Users\kiit\AppData\Roaming\npm
USERNAME=kiit
OS=Windows_NT
PROCESSOR_IDENTIFIER=Intel64 Family 6 Model 140 Stepping 1, GenuineIntel
TMP=C:\Users\kiit\AppData\Local\Temp
TEMP=C:\Users\kiit\AppData\Local\Temp



---------------  S Y S T E M  ---------------

OS:
 Windows 11 , 64 bit Build 22621 (10.0.22621.1928)
OS uptime: 8 days 13:52 hours
Hyper-V role detected

CPU: total 8 (initial active 8) (4 cores per cpu, 2 threads per core) family 6 model 140 stepping 1 microcode 0x9a, cx8, cmov, fxsr, ht, mmx, 3dnowpref, sse, sse2, sse3, ssse3, sse4.1, sse4.2, popcnt, lzcnt, tsc, tscinvbit, avx, avx2, aes, erms, clmul, bmi1, bmi2, adx, avx512f, avx512dq, avx512cd, avx512bw, avx512vl, sha, fma, vzeroupper, avx512_vpopcntdq, avx512_vpclmulqdq, avx512_vaes, avx512_vnni, clflush, clflushopt, clwb, avx512_vbmi2, avx512_vbmi, hv, rdtscp, rdpid, fsrm, gfni, avx512_bitalg

Memory: 4k page, system-wide physical 15931M (2887M free)
TotalPageFile size 45444M (AvailPageFile size 246M)
current process WorkingSet (physical memory assigned to process): 11M, peak: 11M
current process commit charge ("private bytes"): 60M, peak: 310M

vm_info: Java HotSpot(TM) 64-Bit Server VM (19.0.2+7-44) for windows-amd64 JRE (19.0.2+7-44), built on 2022-11-30T18:02:09Z by "mach5one" with MS VC++ 17.1 (VS2022)

END.
